01:19:02.148 [DEBUG] [org.gradle.internal.nativeintegration.services.NativeServices] Native-platform posix files is not available.  Continuing with fallback.
01:19:02.155 [DEBUG] [org.gradle.internal.nativeintegration.filesystem.services.FileSystemServices] Using JDK 7 file service org.gradle.internal.nativeintegration.filesystem.jdk7.WindowsJdk7Symlink
01:19:02.284 [INFO] [org.gradle.launcher.daemon.server.Daemon] start() called on daemon - DefaultDaemonContext[uid=771f6ad2-c4df-47e5-a4b2-0c60240f606e,javaHome=C:\Program Files\Java\jdk1.8.0_77,daemonRegistryDir=C:\Users\wswdk\.gradle\daemon,pid=2116,idleTimeout=10800000,daemonOpts=-XX:MaxPermSize=256m,-XX:+HeapDumpOnOutOfMemoryError,-Xmx1024m,-Dfile.encoding=GBK,-Duser.country=CN,-Duser.language=zh,-Duser.variant]
01:19:02.291 [DEBUG] [org.gradle.launcher.daemon.server.DaemonStateCoordinator] updating lastActivityAt to 1476465542291
01:19:02.310 [DEBUG] [org.gradle.internal.remote.internal.inet.InetAddressFactory] Adding IP addresses for network interface Software Loopback Interface 1
01:19:02.310 [DEBUG] [org.gradle.internal.remote.internal.inet.InetAddressFactory] Is this a loopback interface? true
01:19:02.311 [DEBUG] [org.gradle.internal.remote.internal.inet.InetAddressFactory] Is this a multicast interface? true
01:19:02.313 [DEBUG] [org.gradle.internal.remote.internal.inet.InetAddressFactory] Adding loopback address /127.0.0.1
01:19:02.313 [DEBUG] [org.gradle.internal.remote.internal.inet.InetAddressFactory] Adding loopback address /0:0:0:0:0:0:0:1
01:19:02.313 [DEBUG] [org.gradle.internal.remote.internal.inet.InetAddressFactory] Adding loopback multicast interface Software Loopback Interface 1
01:19:02.313 [DEBUG] [org.gradle.internal.remote.internal.inet.InetAddressFactory] Adding IP addresses for network interface WAN Miniport (SSTP)
01:19:02.314 [DEBUG] [org.gradle.internal.remote.internal.inet.InetAddressFactory] Is this a loopback interface? false
01:19:02.315 [DEBUG] [org.gradle.internal.remote.internal.inet.InetAddressFactory] Is this a multicast interface? true
01:19:02.318 [DEBUG] [org.gradle.internal.remote.internal.inet.InetAddressFactory] Adding loopback multicast interface WAN Miniport (SSTP)
01:19:02.319 [DEBUG] [org.gradle.internal.remote.internal.inet.InetAddressFactory] Adding IP addresses for network interface WAN Miniport (IKEv2)
01:19:02.321 [DEBUG] [org.gradle.internal.remote.internal.inet.InetAddressFactory] Is this a loopback interface? false
01:19:02.322 [DEBUG] [org.gradle.internal.remote.internal.inet.InetAddressFactory] Is this a multicast interface? true
01:19:02.322 [DEBUG] [org.gradle.internal.remote.internal.inet.InetAddressFactory] Adding loopback multicast interface WAN Miniport (IKEv2)
01:19:02.323 [DEBUG] [org.gradle.internal.remote.internal.inet.InetAddressFactory] Adding IP addresses for network interface WAN Miniport (L2TP)
01:19:02.324 [DEBUG] [org.gradle.internal.remote.internal.inet.InetAddressFactory] Is this a loopback interface? false
01:19:02.325 [DEBUG] [org.gradle.internal.remote.internal.inet.InetAddressFactory] Is this a multicast interface? true
01:19:02.325 [DEBUG] [org.gradle.internal.remote.internal.inet.InetAddressFactory] Adding loopback multicast interface WAN Miniport (L2TP)
01:19:02.326 [DEBUG] [org.gradle.internal.remote.internal.inet.InetAddressFactory] Adding IP addresses for network interface WAN Miniport (PPTP)
01:19:02.326 [DEBUG] [org.gradle.internal.remote.internal.inet.InetAddressFactory] Is this a loopback interface? false
01:19:02.328 [DEBUG] [org.gradle.internal.remote.internal.inet.InetAddressFactory] Is this a multicast interface? true
01:19:02.328 [DEBUG] [org.gradle.internal.remote.internal.inet.InetAddressFactory] Adding loopback multicast interface WAN Miniport (PPTP)
01:19:02.329 [DEBUG] [org.gradle.internal.remote.internal.inet.InetAddressFactory] Adding IP addresses for network interface WAN Miniport (PPPOE)
01:19:02.329 [DEBUG] [org.gradle.internal.remote.internal.inet.InetAddressFactory] Is this a loopback interface? false
01:19:02.330 [DEBUG] [org.gradle.internal.remote.internal.inet.InetAddressFactory] Is this a multicast interface? true
01:19:02.331 [DEBUG] [org.gradle.internal.remote.internal.inet.InetAddressFactory] Adding loopback multicast interface WAN Miniport (PPPOE)
01:19:02.334 [DEBUG] [org.gradle.internal.remote.internal.inet.InetAddressFactory] Adding IP addresses for network interface WAN Miniport (IPv6)
01:19:02.334 [DEBUG] [org.gradle.internal.remote.internal.inet.InetAddressFactory] Is this a loopback interface? false
01:19:02.338 [DEBUG] [org.gradle.internal.remote.internal.inet.InetAddressFactory] Is this a multicast interface? true
01:19:02.339 [DEBUG] [org.gradle.internal.remote.internal.inet.InetAddressFactory] Adding loopback multicast interface WAN Miniport (IPv6)
01:19:02.339 [DEBUG] [org.gradle.internal.remote.internal.inet.InetAddressFactory] Adding IP addresses for network interface WAN Miniport (Network Monitor)
01:19:02.340 [DEBUG] [org.gradle.internal.remote.internal.inet.InetAddressFactory] Is this a loopback interface? false
01:19:02.341 [DEBUG] [org.gradle.internal.remote.internal.inet.InetAddressFactory] Is this a multicast interface? true
01:19:02.342 [DEBUG] [org.gradle.internal.remote.internal.inet.InetAddressFactory] Adding loopback multicast interface WAN Miniport (Network Monitor)
01:19:02.342 [DEBUG] [org.gradle.internal.remote.internal.inet.InetAddressFactory] Adding IP addresses for network interface WAN Miniport (IP)
01:19:02.343 [DEBUG] [org.gradle.internal.remote.internal.inet.InetAddressFactory] Is this a loopback interface? false
01:19:02.344 [DEBUG] [org.gradle.internal.remote.internal.inet.InetAddressFactory] Is this a multicast interface? true
01:19:02.344 [DEBUG] [org.gradle.internal.remote.internal.inet.InetAddressFactory] Adding loopback multicast interface WAN Miniport (IP)
01:19:02.344 [DEBUG] [org.gradle.internal.remote.internal.inet.InetAddressFactory] Adding IP addresses for network interface RAS Async Adapter
01:19:02.346 [DEBUG] [org.gradle.internal.remote.internal.inet.InetAddressFactory] Is this a loopback interface? false
01:19:02.347 [DEBUG] [org.gradle.internal.remote.internal.inet.InetAddressFactory] Is this a multicast interface? true
01:19:02.347 [DEBUG] [org.gradle.internal.remote.internal.inet.InetAddressFactory] Adding loopback multicast interface RAS Async Adapter
01:19:02.347 [DEBUG] [org.gradle.internal.remote.internal.inet.InetAddressFactory] Adding IP addresses for network interface Intel(R) PRO/1000 MT Network Connection
01:19:02.348 [DEBUG] [org.gradle.internal.remote.internal.inet.InetAddressFactory] Is this a loopback interface? false
01:19:02.351 [DEBUG] [org.gradle.internal.remote.internal.inet.InetAddressFactory] Is this a multicast interface? true
01:19:02.352 [DEBUG] [org.gradle.internal.remote.internal.inet.InetAddressFactory] Adding remote address /192.168.31.129
01:19:02.352 [DEBUG] [org.gradle.internal.remote.internal.inet.InetAddressFactory] Adding remote address /fe80:0:0:0:cc1c:b23c:cfeb:3574%eth3
01:19:02.352 [DEBUG] [org.gradle.internal.remote.internal.inet.InetAddressFactory] Adding remote multicast interface Intel(R) PRO/1000 MT Network Connection
01:19:02.352 [DEBUG] [org.gradle.internal.remote.internal.inet.InetAddressFactory] Adding IP addresses for network interface Microsoft ISATAP Adapter
01:19:02.353 [DEBUG] [org.gradle.internal.remote.internal.inet.InetAddressFactory] Is this a loopback interface? false
01:19:02.353 [DEBUG] [org.gradle.internal.remote.internal.inet.InetAddressFactory] Is this a multicast interface? false
01:19:02.354 [DEBUG] [org.gradle.internal.remote.internal.inet.InetAddressFactory] Adding remote address /fe80:0:0:0:0:5efe:c0a8:1f81%net4
01:19:02.354 [DEBUG] [org.gradle.internal.remote.internal.inet.InetAddressFactory] Adding IP addresses for network interface Intel(R) PRO/1000 MT Network Connection-QoS Packet Scheduler-0000
01:19:02.355 [DEBUG] [org.gradle.internal.remote.internal.inet.InetAddressFactory] Is this a loopback interface? false
01:19:02.355 [DEBUG] [org.gradle.internal.remote.internal.inet.InetAddressFactory] Is this a multicast interface? true
01:19:02.356 [DEBUG] [org.gradle.internal.remote.internal.inet.InetAddressFactory] Adding loopback multicast interface Intel(R) PRO/1000 MT Network Connection-QoS Packet Scheduler-0000
01:19:02.356 [DEBUG] [org.gradle.internal.remote.internal.inet.InetAddressFactory] Adding IP addresses for network interface Intel(R) PRO/1000 MT Network Connection-WFP LightWeight Filter-0000
01:19:02.362 [DEBUG] [org.gradle.internal.remote.internal.inet.InetAddressFactory] Is this a loopback interface? false
01:19:02.363 [DEBUG] [org.gradle.internal.remote.internal.inet.InetAddressFactory] Is this a multicast interface? true
01:19:02.368 [DEBUG] [org.gradle.internal.remote.internal.inet.InetAddressFactory] Adding loopback multicast interface Intel(R) PRO/1000 MT Network Connection-WFP LightWeight Filter-0000
01:19:02.368 [DEBUG] [org.gradle.internal.remote.internal.inet.InetAddressFactory] Adding IP addresses for network interface WAN Miniport (IPv6)-QoS Packet Scheduler-0000
01:19:02.368 [DEBUG] [org.gradle.internal.remote.internal.inet.InetAddressFactory] Is this a loopback interface? false
01:19:02.369 [DEBUG] [org.gradle.internal.remote.internal.inet.InetAddressFactory] Is this a multicast interface? true
01:19:02.369 [DEBUG] [org.gradle.internal.remote.internal.inet.InetAddressFactory] Adding loopback multicast interface WAN Miniport (IPv6)-QoS Packet Scheduler-0000
01:19:02.369 [DEBUG] [org.gradle.internal.remote.internal.inet.InetAddressFactory] Adding IP addresses for network interface WAN Miniport (IP)-QoS Packet Scheduler-0000
01:19:02.371 [DEBUG] [org.gradle.internal.remote.internal.inet.InetAddressFactory] Is this a loopback interface? false
01:19:02.373 [DEBUG] [org.gradle.internal.remote.internal.inet.InetAddressFactory] Is this a multicast interface? true
01:19:02.373 [DEBUG] [org.gradle.internal.remote.internal.inet.InetAddressFactory] Adding loopback multicast interface WAN Miniport (IP)-QoS Packet Scheduler-0000
01:19:02.373 [DEBUG] [org.gradle.internal.remote.internal.inet.InetAddressFactory] Adding IP addresses for network interface WAN Miniport (Network Monitor)-QoS Packet Scheduler-0000
01:19:02.374 [DEBUG] [org.gradle.internal.remote.internal.inet.InetAddressFactory] Is this a loopback interface? false
01:19:02.374 [DEBUG] [org.gradle.internal.remote.internal.inet.InetAddressFactory] Is this a multicast interface? true
01:19:02.374 [DEBUG] [org.gradle.internal.remote.internal.inet.InetAddressFactory] Adding loopback multicast interface WAN Miniport (Network Monitor)-QoS Packet Scheduler-0000
01:19:02.375 [DEBUG] [org.gradle.internal.remote.internal.inet.InetAddressFactory] Adding IP addresses for network interface Microsoft Teredo Tunneling Adapter
01:19:02.375 [DEBUG] [org.gradle.internal.remote.internal.inet.InetAddressFactory] Is this a loopback interface? false
01:19:02.376 [DEBUG] [org.gradle.internal.remote.internal.inet.InetAddressFactory] Is this a multicast interface? false
01:19:02.376 [DEBUG] [org.gradle.internal.remote.internal.inet.InetAddressFactory] Adding remote address /fe80:0:0:0:0:ffff:ffff:fffe%net5
01:19:02.378 [DEBUG] [org.gradle.internal.remote.internal.inet.TcpIncomingConnector] Listening on [7a5620a3-e296-47b8-9e21-8edd88b7cadd port:49522, addresses:[/127.0.0.1, /0:0:0:0:0:0:0:1]].
01:19:02.382 [DEBUG] [org.gradle.launcher.daemon.server.Daemon] Daemon starting at: Sat Oct 15 01:19:02 CST 2016, with address: [7a5620a3-e296-47b8-9e21-8edd88b7cadd port:49522, addresses:[/127.0.0.1, /0:0:0:0:0:0:0:1]]
01:19:02.383 [INFO] [org.gradle.launcher.daemon.server.DomainRegistryUpdater] Advertising the daemon address to the clients: [7a5620a3-e296-47b8-9e21-8edd88b7cadd port:49522, addresses:[/127.0.0.1, /0:0:0:0:0:0:0:1]]
01:19:02.385 [DEBUG] [org.gradle.launcher.daemon.server.DomainRegistryUpdater] Advertised daemon context: DefaultDaemonContext[uid=771f6ad2-c4df-47e5-a4b2-0c60240f606e,javaHome=C:\Program Files\Java\jdk1.8.0_77,daemonRegistryDir=C:\Users\wswdk\.gradle\daemon,pid=2116,idleTimeout=10800000,daemonOpts=-XX:MaxPermSize=256m,-XX:+HeapDumpOnOutOfMemoryError,-Xmx1024m,-Dfile.encoding=GBK,-Duser.country=CN,-Duser.language=zh,-Duser.variant]
01:19:02.387 [DEBUG] [org.gradle.launcher.daemon.registry.PersistentDaemonRegistry] Storing daemon address: [7a5620a3-e296-47b8-9e21-8edd88b7cadd port:49522, addresses:[/127.0.0.1, /0:0:0:0:0:0:0:1]], context: DefaultDaemonContext[uid=771f6ad2-c4df-47e5-a4b2-0c60240f606e,javaHome=C:\Program Files\Java\jdk1.8.0_77,daemonRegistryDir=C:\Users\wswdk\.gradle\daemon,pid=2116,idleTimeout=10800000,daemonOpts=-XX:MaxPermSize=256m,-XX:+HeapDumpOnOutOfMemoryError,-Xmx1024m,-Dfile.encoding=GBK,-Duser.country=CN,-Duser.language=zh,-Duser.variant]
01:19:02.394 [DEBUG] [org.gradle.cache.internal.DefaultFileLockManager] Waiting to acquire exclusive lock on daemon addresses registry.
01:19:02.395 [DEBUG] [org.gradle.cache.internal.DefaultFileLockManager] Lock acquired.
01:19:02.420 [DEBUG] [org.gradle.cache.internal.DefaultFileLockManager] Releasing lock on daemon addresses registry.
01:19:02.421 [LIFECYCLE] [org.gradle.launcher.daemon.server.Daemon] Daemon server started.
01:19:02.427 [DEBUG] [org.gradle.launcher.daemon.bootstrap.DaemonStartupCommunication] Completed writing the daemon greeting. Closing streams...
01:19:02.432 [DEBUG] [org.gradle.internal.remote.internal.inet.TcpIncomingConnector] Accepted connection from /127.0.0.1:49523 to /127.0.0.1:49522.
01:19:02.652 [DEBUG] [org.gradle.launcher.daemon.server.Daemon] stopOnExpiration() called on daemon
01:19:02.652 [DEBUG] [org.gradle.launcher.daemon.server.Daemon] awaitExpiration() called on daemon
01:19:02.653 [DEBUG] [org.gradle.launcher.daemon.server.DaemonStateCoordinator] daemon is running. Sleeping until state changes.
01:19:02.708 [DEBUG] [org.gradle.launcher.daemon.server.SynchronizedDispatchConnection] thread 15: received class org.gradle.launcher.daemon.protocol.Build
01:19:02.709 [DEBUG] [org.gradle.launcher.daemon.server.DefaultDaemonConnection] thread 15: Received non-IO message from client: Build{id=5b2b442d-e321-4256-abf4-b67df21aa414.1, currentDir=C:\ide\eclipse}
01:19:02.709 [INFO] [org.gradle.launcher.daemon.server.DefaultIncomingConnectionHandler] Received command: Build{id=5b2b442d-e321-4256-abf4-b67df21aa414.1, currentDir=C:\ide\eclipse}.
01:19:02.709 [DEBUG] [org.gradle.launcher.daemon.server.DefaultIncomingConnectionHandler] Starting executing command: Build{id=5b2b442d-e321-4256-abf4-b67df21aa414.1, currentDir=C:\ide\eclipse} with connection: socket connection from /127.0.0.1:49522 to /127.0.0.1:49523.
01:19:02.716 [DEBUG] [org.gradle.launcher.daemon.server.DaemonStateCoordinator] Command execution: started DaemonCommandExecution[command = Build{id=5b2b442d-e321-4256-abf4-b67df21aa414.1, currentDir=C:\ide\eclipse}, connection = org.gradle.launcher.daemon.server.DefaultDaemonConnection@1d30bea3] after 0.0 minutes of idle
01:19:02.716 [INFO] [org.gradle.launcher.daemon.server.DomainRegistryUpdater] Marking the daemon as busy, address: [7a5620a3-e296-47b8-9e21-8edd88b7cadd port:49522, addresses:[/127.0.0.1, /0:0:0:0:0:0:0:1]]
01:19:02.717 [DEBUG] [org.gradle.launcher.daemon.registry.PersistentDaemonRegistry] Marking busy by address: [7a5620a3-e296-47b8-9e21-8edd88b7cadd port:49522, addresses:[/127.0.0.1, /0:0:0:0:0:0:0:1]]
01:19:02.718 [DEBUG] [org.gradle.cache.internal.DefaultFileLockManager] Waiting to acquire exclusive lock on daemon addresses registry.
01:19:02.718 [DEBUG] [org.gradle.cache.internal.DefaultFileLockManager] Lock acquired.
01:19:02.726 [DEBUG] [org.gradle.cache.internal.DefaultFileLockManager] Releasing lock on daemon addresses registry.
01:19:02.726 [DEBUG] [org.gradle.launcher.daemon.server.DaemonStateCoordinator] updating lastActivityAt to 1476465542726
01:19:02.727 [DEBUG] [org.gradle.launcher.daemon.server.DaemonStateCoordinator] daemon is running. Sleeping until state changes.
01:19:02.727 [INFO] [org.gradle.launcher.daemon.server.exec.StartBuildOrRespondWithBusy] Daemon is about to start building Build{id=5b2b442d-e321-4256-abf4-b67df21aa414.1, currentDir=C:\ide\eclipse}. Dispatching build started information...
01:19:02.728 [DEBUG] [org.gradle.launcher.daemon.server.SynchronizedDispatchConnection] thread 17: dispatching class org.gradle.launcher.daemon.protocol.BuildStarted
01:19:02.744 [DEBUG] [org.gradle.launcher.daemon.server.exec.EstablishBuildEnvironment] Configuring env variables: {LOCALAPPDATA=C:\Users\wswdk\AppData\Local, PROCESSOR_LEVEL=6, FP_NO_HOST_CHECK=NO, USERDOMAIN=WIN-9FGUODF5E41, LOGONSERVER=\\WIN-9FGUODF5E41, JAVA_HOME=C:\Program Files\Java\jdk1.8.0_77, SESSIONNAME=Console, ALLUSERSPROFILE=C:\ProgramData, PROCESSOR_ARCHITECTURE=AMD64, PSModulePath=C:\Windows\system32\WindowsPowerShell\v1.0\Modules\, SystemDrive=C:, APPDATA=C:\Users\wswdk\AppData\Roaming, USERNAME=wswdk, ProgramFiles(x86)=C:\Program Files (x86), CommonProgramFiles=C:\Program Files\Common Files, Path=C:/Program Files/Java/jre1.8.0_77/bin/server;C:/Program Files/Java/jre1.8.0_77/bin;C:/Program Files/Java/jre1.8.0_77/lib/amd64;C:\ProgramData\Oracle\Java\javapath;C:\Windows\system32;C:\Windows;C:\Windows\System32\Wbem;C:\Windows\System32\WindowsPowerShell\v1.0\;C:\Program Files\Java\jdk1.8.0_77\bin;C:\Program Files\Git\cmd;C:\ide\eclipse;, PATHEXT=.COM;.EXE;.BAT;.CMD;.VBS;.VBE;.JS;.JSE;.WSF;.WSH;.MSC, OS=Windows_NT, COMPUTERNAME=WIN-9FGUODF5E41, PROCESSOR_REVISION=3c03, CommonProgramW6432=C:\Program Files\Common Files, ComSpec=C:\Windows\system32\cmd.exe, ProgramData=C:\ProgramData, ProgramW6432=C:\Program Files, HOMEPATH=\Users\wswdk, SystemRoot=C:\Windows, TEMP=C:\Users\wswdk\AppData\Local\Temp, HOMEDRIVE=C:, PROCESSOR_IDENTIFIER=Intel64 Family 6 Model 60 Stepping 3, GenuineIntel, USERPROFILE=C:\Users\wswdk, TMP=C:\Users\wswdk\AppData\Local\Temp, CommonProgramFiles(x86)=C:\Program Files (x86)\Common Files, ProgramFiles=C:\Program Files, PUBLIC=C:\Users\Public, NUMBER_OF_PROCESSORS=1, windir=C:\Windows}
01:19:02.753 [DEBUG] [org.gradle.launcher.daemon.server.exec.LogToClient] About to start relaying all logs to the client via the connection.
01:19:02.760 [INFO] [org.gradle.launcher.daemon.server.exec.LogToClient] The client will now receive all logging from the daemon (pid: 2116). The daemon log file: C:\Users\wswdk\.gradle\daemon\2.14\daemon-2116.out.log
01:19:02.770 [INFO] [org.gradle.launcher.daemon.server.health.DaemonHealthTracker] Starting build in new daemon [memory: 1.0 GB]
01:19:02.774 [DEBUG] [org.gradle.launcher.daemon.server.exec.ExecuteBuild] The daemon has started executing the build.
01:19:02.775 [INFO] [org.gradle.launcher.daemon.server.exec.ExecuteBuild] Executing build with daemon context: DefaultDaemonContext[uid=771f6ad2-c4df-47e5-a4b2-0c60240f606e,javaHome=C:\Program Files\Java\jdk1.8.0_77,daemonRegistryDir=C:\Users\wswdk\.gradle\daemon,pid=2116,idleTimeout=10800000,daemonOpts=-XX:MaxPermSize=256m,-XX:+HeapDumpOnOutOfMemoryError,-Xmx1024m,-Dfile.encoding=GBK,-Duser.country=CN,-Duser.language=zh,-Duser.variant]
01:19:02.792 [DEBUG] [org.gradle.launcher.daemon.server.SynchronizedDispatchConnection] thread 15: received class org.gradle.launcher.daemon.protocol.CloseInput
01:19:02.792 [DEBUG] [org.gradle.launcher.daemon.server.DefaultDaemonConnection] thread 15: Received IO message from client: org.gradle.launcher.daemon.protocol.CloseInput@267209e1
01:19:02.793 [INFO] [org.gradle.launcher.daemon.server.exec.ForwardClientInput] Closing daemon's stdin at end of input.
01:19:02.793 [INFO] [org.gradle.launcher.daemon.server.exec.ForwardClientInput] The daemon will no longer process any standard input.
:copyDep

BUILD SUCCESSFUL

Total time: 10.113 secs
01:19:07.684 [DEBUG] [org.gradle.cache.internal.btree.BTreePersistentIndexedCache] Closing cache treeSnapshotUsage.bin (C:\Users\wswdk\AppData\Local\Temp\blade802015313302546331\.gradle\2.14\taskArtifacts\treeSnapshotUsage.bin)
01:19:07.684 [DEBUG] [org.gradle.cache.internal.btree.BTreePersistentIndexedCache] Closing cache fileHashes.bin (C:\Users\wswdk\AppData\Local\Temp\blade802015313302546331\.gradle\2.14\taskArtifacts\fileHashes.bin)
01:19:07.685 [DEBUG] [org.gradle.cache.internal.btree.BTreePersistentIndexedCache] Closing cache treeSnapshots.bin (C:\Users\wswdk\AppData\Local\Temp\blade802015313302546331\.gradle\2.14\taskArtifacts\treeSnapshots.bin)
01:19:07.685 [DEBUG] [org.gradle.cache.internal.btree.BTreePersistentIndexedCache] Closing cache fileSnapshots.bin (C:\Users\wswdk\AppData\Local\Temp\blade802015313302546331\.gradle\2.14\taskArtifacts\fileSnapshots.bin)
01:19:07.685 [DEBUG] [org.gradle.cache.internal.btree.BTreePersistentIndexedCache] Closing cache fileSnapshotsToTreeSnapshotsIndex.bin (C:\Users\wswdk\AppData\Local\Temp\blade802015313302546331\.gradle\2.14\taskArtifacts\fileSnapshotsToTreeSnapshotsIndex.bin)
01:19:07.695 [DEBUG] [org.gradle.cache.internal.btree.BTreePersistentIndexedCache] Closing cache taskArtifacts.bin (C:\Users\wswdk\AppData\Local\Temp\blade802015313302546331\.gradle\2.14\taskArtifacts\taskArtifacts.bin)
01:19:07.695 [DEBUG] [org.gradle.cache.internal.DefaultFileLockManager] Releasing lock on task history cache (C:\Users\wswdk\AppData\Local\Temp\blade802015313302546331\.gradle\2.14\taskArtifacts).
01:19:07.696 [DEBUG] [org.gradle.api.internal.artifacts.ivyservice.ivyresolve.memcache.InMemoryCachedRepositoryFactory] In-memory dependency metadata cache closed. Repos cached: 2, cache instances: 2, modules served from cache: 0, artifacts: 0
01:19:07.696 [DEBUG] [org.gradle.cache.internal.DefaultCacheAccess] Cache Generated Gradle JARs cache (C:\Users\wswdk\.gradle\caches\2.14\generated-gradle-jars) was closed 0 times.
01:19:07.696 [DEBUG] [org.gradle.cache.internal.btree.BTreePersistentIndexedCache] Closing cache artifact-at-repository.bin (C:\Users\wswdk\.gradle\caches\modules-2\metadata-2.16\artifact-at-repository.bin)
01:19:07.698 [DEBUG] [org.gradle.cache.internal.btree.BTreePersistentIndexedCache] Closing cache module-metadata.bin (C:\Users\wswdk\.gradle\caches\modules-2\metadata-2.16\module-metadata.bin)
01:19:07.698 [DEBUG] [org.gradle.cache.internal.DefaultFileLockManager] Releasing lock on artifact cache (C:\Users\wswdk\.gradle\caches\modules-2).
01:19:07.699 [DEBUG] [org.gradle.api.internal.artifacts.ivyservice.resolveengine.store.CachedStoreFactory] Resolution result cache closed. Cache reads: 0, disk reads: 0 (avg: 0.0 secs, total: 0.0 secs)
01:19:07.699 [DEBUG] [org.gradle.api.internal.artifacts.ivyservice.resolveengine.store.CachedStoreFactory] Resolution result cache closed. Cache reads: 0, disk reads: 0 (avg: 0.0 secs, total: 0.0 secs)
01:19:07.699 [DEBUG] [org.gradle.api.internal.artifacts.ivyservice.resolveengine.store.ResolutionResultsStoreFactory] Deleted 2 resolution results binary files in 0.0 secs
01:19:07.699 [DEBUG] [org.gradle.cache.internal.DefaultCacheAccess] Cache Plugin Resolution Cache (C:\Users\wswdk\.gradle\caches\2.14\plugin-resolution) was closed 0 times.
01:19:07.700 [DEBUG] [org.gradle.cache.internal.DefaultCacheAccess] Cache jars (C:\Users\wswdk\.gradle\caches\jars-1) was closed 0 times.
01:19:07.700 [DEBUG] [org.gradle.launcher.daemon.server.exec.ExecuteBuild] The daemon has finished executing the build.
01:19:07.704 [DEBUG] [org.gradle.launcher.daemon.server.health.DaemonStatus] GC rate: 0.0/s
01:19:07.753 [DEBUG] [org.gradle.launcher.daemon.server.DaemonStateCoordinator] daemon is running. Sleeping until state changes.
01:19:07.753 [DEBUG] [org.gradle.launcher.daemon.server.DaemonStateCoordinator] Command execution: finished waiting for DaemonCommandExecution[command = Build{id=5b2b442d-e321-4256-abf4-b67df21aa414.1, currentDir=C:\ide\eclipse}, connection = org.gradle.launcher.daemon.server.DefaultDaemonConnection@1d30bea3]. Result org.gradle.launcher.daemon.server.DaemonStateCoordinator@65b9726c with state Running
01:19:07.753 [DEBUG] [org.gradle.launcher.daemon.server.DaemonStateCoordinator] Command execution: completed DaemonCommandExecution[command = Build{id=5b2b442d-e321-4256-abf4-b67df21aa414.1, currentDir=C:\ide\eclipse}, connection = org.gradle.launcher.daemon.server.DefaultDaemonConnection@1d30bea3]
01:19:07.753 [DEBUG] [org.gradle.launcher.daemon.server.DaemonStateCoordinator] updating lastActivityAt to 1476465547753
01:19:07.762 [INFO] [org.gradle.launcher.daemon.server.DomainRegistryUpdater] Marking the daemon as idle, address: [7a5620a3-e296-47b8-9e21-8edd88b7cadd port:49522, addresses:[/127.0.0.1, /0:0:0:0:0:0:0:1]]
01:19:07.762 [DEBUG] [org.gradle.launcher.daemon.registry.PersistentDaemonRegistry] Marking idle by address: [7a5620a3-e296-47b8-9e21-8edd88b7cadd port:49522, addresses:[/127.0.0.1, /0:0:0:0:0:0:0:1]]
01:19:07.763 [DEBUG] [org.gradle.cache.internal.DefaultFileLockManager] Waiting to acquire exclusive lock on daemon addresses registry.
01:19:07.763 [DEBUG] [org.gradle.cache.internal.DefaultFileLockManager] Lock acquired.
01:19:07.767 [DEBUG] [org.gradle.cache.internal.DefaultFileLockManager] Releasing lock on daemon addresses registry.
01:19:07.767 [DEBUG] [org.gradle.launcher.daemon.server.exec.ReturnResult] Daemon is dispatching the build result: Success[value=org.gradle.tooling.internal.provider.BuildActionResult@6d913243]
01:19:07.768 [DEBUG] [org.gradle.launcher.daemon.server.SynchronizedDispatchConnection] thread 14: dispatching class org.gradle.launcher.daemon.protocol.Success
01:19:07.774 [DEBUG] [org.gradle.launcher.daemon.server.DaemonStateCoordinator] daemon is running. Sleeping until state changes.
01:19:07.778 [DEBUG] [org.gradle.launcher.daemon.server.SynchronizedDispatchConnection] thread 15: received class org.gradle.launcher.daemon.protocol.Finished
01:19:07.779 [DEBUG] [org.gradle.launcher.daemon.server.DefaultDaemonConnection] thread 15: Received non-IO message from client: org.gradle.launcher.daemon.protocol.Finished@7777bc41
01:19:07.779 [DEBUG] [org.gradle.internal.remote.internal.inet.SocketConnection] Discarding EOFException: java.io.EOFException
01:19:07.779 [DEBUG] [org.gradle.launcher.daemon.server.SynchronizedDispatchConnection] thread 15: received null
01:19:07.779 [DEBUG] [org.gradle.launcher.daemon.server.DefaultDaemonConnection] thread 15: Received end-of-input from client.
01:19:07.781 [DEBUG] [org.gradle.launcher.daemon.server.DefaultIncomingConnectionHandler] Finishing executing command: Build{id=5b2b442d-e321-4256-abf4-b67df21aa414.1, currentDir=C:\ide\eclipse}
01:19:07.781 [DEBUG] [org.gradle.launcher.daemon.server.DefaultIncomingConnectionHandler] Received finished message: null
01:19:07.781 [DEBUG] [org.gradle.launcher.daemon.server.SynchronizedDispatchConnection] thread 14: stopping connection
01:19:07.784 [DEBUG] [org.gradle.launcher.daemon.server.SynchronizedDispatchConnection] thread 14: stopping connection
01:19:31.866 [DEBUG] [org.gradle.internal.remote.internal.inet.TcpIncomingConnector] Accepted connection from /127.0.0.1:49543 to /127.0.0.1:49522.
01:19:32.021 [DEBUG] [org.gradle.launcher.daemon.server.SynchronizedDispatchConnection] thread 21: received class org.gradle.launcher.daemon.protocol.Build
01:19:32.021 [DEBUG] [org.gradle.launcher.daemon.server.DefaultDaemonConnection] thread 21: Received non-IO message from client: Build{id=7eab9a5a-cb50-45f6-8c07-baa117374e42.1, currentDir=C:\ide\eclipse}
01:19:32.025 [INFO] [org.gradle.launcher.daemon.server.DefaultIncomingConnectionHandler] Received command: Build{id=7eab9a5a-cb50-45f6-8c07-baa117374e42.1, currentDir=C:\ide\eclipse}.
01:19:32.025 [DEBUG] [org.gradle.launcher.daemon.server.DefaultIncomingConnectionHandler] Starting executing command: Build{id=7eab9a5a-cb50-45f6-8c07-baa117374e42.1, currentDir=C:\ide\eclipse} with connection: socket connection from /127.0.0.1:49522 to /127.0.0.1:49543.
01:19:32.025 [DEBUG] [org.gradle.launcher.daemon.server.DaemonStateCoordinator] Command execution: started DaemonCommandExecution[command = Build{id=7eab9a5a-cb50-45f6-8c07-baa117374e42.1, currentDir=C:\ide\eclipse}, connection = org.gradle.launcher.daemon.server.DefaultDaemonConnection@362912e2] after 0.0 minutes of idle
01:19:32.026 [INFO] [org.gradle.launcher.daemon.server.DomainRegistryUpdater] Marking the daemon as busy, address: [7a5620a3-e296-47b8-9e21-8edd88b7cadd port:49522, addresses:[/127.0.0.1, /0:0:0:0:0:0:0:1]]
01:19:32.026 [DEBUG] [org.gradle.launcher.daemon.registry.PersistentDaemonRegistry] Marking busy by address: [7a5620a3-e296-47b8-9e21-8edd88b7cadd port:49522, addresses:[/127.0.0.1, /0:0:0:0:0:0:0:1]]
01:19:32.026 [DEBUG] [org.gradle.cache.internal.DefaultFileLockManager] Waiting to acquire exclusive lock on daemon addresses registry.
01:19:32.026 [DEBUG] [org.gradle.cache.internal.DefaultFileLockManager] Lock acquired.
01:19:32.033 [DEBUG] [org.gradle.cache.internal.DefaultFileLockManager] Releasing lock on daemon addresses registry.
01:19:32.033 [DEBUG] [org.gradle.launcher.daemon.server.DaemonStateCoordinator] updating lastActivityAt to 1476465572033
01:19:32.033 [DEBUG] [org.gradle.launcher.daemon.server.DaemonStateCoordinator] daemon is running. Sleeping until state changes.
01:19:32.034 [INFO] [org.gradle.launcher.daemon.server.exec.StartBuildOrRespondWithBusy] Daemon is about to start building Build{id=7eab9a5a-cb50-45f6-8c07-baa117374e42.1, currentDir=C:\ide\eclipse}. Dispatching build started information...
01:19:32.034 [DEBUG] [org.gradle.launcher.daemon.server.SynchronizedDispatchConnection] thread 17: dispatching class org.gradle.launcher.daemon.protocol.BuildStarted
01:19:32.034 [DEBUG] [org.gradle.launcher.daemon.server.exec.EstablishBuildEnvironment] Configuring env variables: {LOCALAPPDATA=C:\Users\wswdk\AppData\Local, PROCESSOR_LEVEL=6, FP_NO_HOST_CHECK=NO, USERDOMAIN=WIN-9FGUODF5E41, LOGONSERVER=\\WIN-9FGUODF5E41, JAVA_HOME=C:\Program Files\Java\jdk1.8.0_77, SESSIONNAME=Console, ALLUSERSPROFILE=C:\ProgramData, PROCESSOR_ARCHITECTURE=AMD64, PSModulePath=C:\Windows\system32\WindowsPowerShell\v1.0\Modules\, SystemDrive=C:, APPDATA=C:\Users\wswdk\AppData\Roaming, USERNAME=wswdk, ProgramFiles(x86)=C:\Program Files (x86), CommonProgramFiles=C:\Program Files\Common Files, Path=C:/Program Files/Java/jre1.8.0_77/bin/server;C:/Program Files/Java/jre1.8.0_77/bin;C:/Program Files/Java/jre1.8.0_77/lib/amd64;C:\ProgramData\Oracle\Java\javapath;C:\Windows\system32;C:\Windows;C:\Windows\System32\Wbem;C:\Windows\System32\WindowsPowerShell\v1.0\;C:\Program Files\Java\jdk1.8.0_77\bin;C:\Program Files\Git\cmd;C:\ide\eclipse;, PATHEXT=.COM;.EXE;.BAT;.CMD;.VBS;.VBE;.JS;.JSE;.WSF;.WSH;.MSC, OS=Windows_NT, COMPUTERNAME=WIN-9FGUODF5E41, PROCESSOR_REVISION=3c03, CommonProgramW6432=C:\Program Files\Common Files, ComSpec=C:\Windows\system32\cmd.exe, ProgramData=C:\ProgramData, ProgramW6432=C:\Program Files, HOMEPATH=\Users\wswdk, SystemRoot=C:\Windows, TEMP=C:\Users\wswdk\AppData\Local\Temp, HOMEDRIVE=C:, PROCESSOR_IDENTIFIER=Intel64 Family 6 Model 60 Stepping 3, GenuineIntel, USERPROFILE=C:\Users\wswdk, TMP=C:\Users\wswdk\AppData\Local\Temp, CommonProgramFiles(x86)=C:\Program Files (x86)\Common Files, ProgramFiles=C:\Program Files, PUBLIC=C:\Users\Public, NUMBER_OF_PROCESSORS=1, windir=C:\Windows}
01:19:32.035 [DEBUG] [org.gradle.launcher.daemon.server.exec.LogToClient] About to start relaying all logs to the client via the connection.
01:19:32.035 [INFO] [org.gradle.launcher.daemon.server.exec.LogToClient] The client will now receive all logging from the daemon (pid: 2116). The daemon log file: C:\Users\wswdk\.gradle\daemon\2.14\daemon-2116.out.log
01:19:32.036 [INFO] [org.gradle.launcher.daemon.server.health.DaemonHealthTracker] Starting 2nd build in daemon [uptime: 29.782 secs, performance: 98%, no major garbage collections]
01:19:32.036 [DEBUG] [org.gradle.launcher.daemon.server.exec.ExecuteBuild] The daemon has started executing the build.
01:19:32.038 [INFO] [org.gradle.launcher.daemon.server.exec.ExecuteBuild] Executing build with daemon context: DefaultDaemonContext[uid=771f6ad2-c4df-47e5-a4b2-0c60240f606e,javaHome=C:\Program Files\Java\jdk1.8.0_77,daemonRegistryDir=C:\Users\wswdk\.gradle\daemon,pid=2116,idleTimeout=10800000,daemonOpts=-XX:MaxPermSize=256m,-XX:+HeapDumpOnOutOfMemoryError,-Xmx1024m,-Dfile.encoding=GBK,-Duser.country=CN,-Duser.language=zh,-Duser.variant]
:copyDep

BUILD SUCCESSFUL

Total time: 1.386 secs
01:19:32.254 [DEBUG] [org.gradle.cache.internal.btree.BTreePersistentIndexedCache] Closing cache fileSnapshots.bin (C:\Users\wswdk\AppData\Local\Temp\blade175037256394016898\.gradle\2.14\taskArtifacts\fileSnapshots.bin)
01:19:32.255 [DEBUG] [org.gradle.cache.internal.btree.BTreePersistentIndexedCache] Closing cache fileHashes.bin (C:\Users\wswdk\AppData\Local\Temp\blade175037256394016898\.gradle\2.14\taskArtifacts\fileHashes.bin)
01:19:32.255 [DEBUG] [org.gradle.cache.internal.btree.BTreePersistentIndexedCache] Closing cache taskArtifacts.bin (C:\Users\wswdk\AppData\Local\Temp\blade175037256394016898\.gradle\2.14\taskArtifacts\taskArtifacts.bin)
01:19:32.255 [DEBUG] [org.gradle.cache.internal.btree.BTreePersistentIndexedCache] Closing cache treeSnapshots.bin (C:\Users\wswdk\AppData\Local\Temp\blade175037256394016898\.gradle\2.14\taskArtifacts\treeSnapshots.bin)
01:19:32.255 [DEBUG] [org.gradle.cache.internal.btree.BTreePersistentIndexedCache] Closing cache treeSnapshotUsage.bin (C:\Users\wswdk\AppData\Local\Temp\blade175037256394016898\.gradle\2.14\taskArtifacts\treeSnapshotUsage.bin)
01:19:32.255 [DEBUG] [org.gradle.cache.internal.btree.BTreePersistentIndexedCache] Closing cache fileSnapshotsToTreeSnapshotsIndex.bin (C:\Users\wswdk\AppData\Local\Temp\blade175037256394016898\.gradle\2.14\taskArtifacts\fileSnapshotsToTreeSnapshotsIndex.bin)
01:19:32.256 [DEBUG] [org.gradle.cache.internal.DefaultFileLockManager] Releasing lock on task history cache (C:\Users\wswdk\AppData\Local\Temp\blade175037256394016898\.gradle\2.14\taskArtifacts).
01:19:32.257 [DEBUG] [org.gradle.api.internal.artifacts.ivyservice.ivyresolve.memcache.InMemoryCachedRepositoryFactory] In-memory dependency metadata cache closed. Repos cached: 2, cache instances: 2, modules served from cache: 0, artifacts: 0
01:19:32.257 [DEBUG] [org.gradle.cache.internal.DefaultCacheAccess] Cache Generated Gradle JARs cache (C:\Users\wswdk\.gradle\caches\2.14\generated-gradle-jars) was closed 0 times.
01:19:32.258 [DEBUG] [org.gradle.cache.internal.btree.BTreePersistentIndexedCache] Closing cache module-metadata.bin (C:\Users\wswdk\.gradle\caches\modules-2\metadata-2.16\module-metadata.bin)
01:19:32.258 [DEBUG] [org.gradle.cache.internal.btree.BTreePersistentIndexedCache] Closing cache artifact-at-repository.bin (C:\Users\wswdk\.gradle\caches\modules-2\metadata-2.16\artifact-at-repository.bin)
01:19:32.258 [DEBUG] [org.gradle.cache.internal.DefaultFileLockManager] Releasing lock on artifact cache (C:\Users\wswdk\.gradle\caches\modules-2).
01:19:32.258 [DEBUG] [org.gradle.api.internal.artifacts.ivyservice.resolveengine.store.CachedStoreFactory] Resolution result cache closed. Cache reads: 0, disk reads: 0 (avg: 0.0 secs, total: 0.0 secs)
01:19:32.258 [DEBUG] [org.gradle.api.internal.artifacts.ivyservice.resolveengine.store.CachedStoreFactory] Resolution result cache closed. Cache reads: 0, disk reads: 0 (avg: 0.0 secs, total: 0.0 secs)
01:19:32.259 [DEBUG] [org.gradle.api.internal.artifacts.ivyservice.resolveengine.store.ResolutionResultsStoreFactory] Deleted 2 resolution results binary files in 0.001 secs
01:19:32.259 [DEBUG] [org.gradle.cache.internal.DefaultCacheAccess] Cache Plugin Resolution Cache (C:\Users\wswdk\.gradle\caches\2.14\plugin-resolution) was closed 0 times.
01:19:32.259 [DEBUG] [org.gradle.cache.internal.DefaultCacheAccess] Cache jars (C:\Users\wswdk\.gradle\caches\jars-1) was closed 0 times.
01:19:32.259 [DEBUG] [org.gradle.launcher.daemon.server.exec.ExecuteBuild] The daemon has finished executing the build.
01:19:32.262 [DEBUG] [org.gradle.launcher.daemon.server.health.DaemonStatus] GC rate: 0.0/s
01:19:32.274 [DEBUG] [org.gradle.launcher.daemon.server.DaemonStateCoordinator] Command execution: finished waiting for DaemonCommandExecution[command = Build{id=7eab9a5a-cb50-45f6-8c07-baa117374e42.1, currentDir=C:\ide\eclipse}, connection = org.gradle.launcher.daemon.server.DefaultDaemonConnection@362912e2]. Result org.gradle.launcher.daemon.server.DaemonStateCoordinator@65b9726c with state Running
01:19:32.274 [DEBUG] [org.gradle.launcher.daemon.server.DaemonStateCoordinator] Command execution: completed DaemonCommandExecution[command = Build{id=7eab9a5a-cb50-45f6-8c07-baa117374e42.1, currentDir=C:\ide\eclipse}, connection = org.gradle.launcher.daemon.server.DefaultDaemonConnection@362912e2]
01:19:32.274 [DEBUG] [org.gradle.launcher.daemon.server.DaemonStateCoordinator] updating lastActivityAt to 1476465572274
01:19:32.275 [INFO] [org.gradle.launcher.daemon.server.DomainRegistryUpdater] Marking the daemon as idle, address: [7a5620a3-e296-47b8-9e21-8edd88b7cadd port:49522, addresses:[/127.0.0.1, /0:0:0:0:0:0:0:1]]
01:19:32.276 [DEBUG] [org.gradle.launcher.daemon.registry.PersistentDaemonRegistry] Marking idle by address: [7a5620a3-e296-47b8-9e21-8edd88b7cadd port:49522, addresses:[/127.0.0.1, /0:0:0:0:0:0:0:1]]
01:19:32.276 [DEBUG] [org.gradle.cache.internal.DefaultFileLockManager] Waiting to acquire exclusive lock on daemon addresses registry.
01:19:32.277 [DEBUG] [org.gradle.cache.internal.DefaultFileLockManager] Lock acquired.
01:19:32.279 [DEBUG] [org.gradle.cache.internal.DefaultFileLockManager] Releasing lock on daemon addresses registry.
01:19:32.280 [DEBUG] [org.gradle.launcher.daemon.server.exec.ReturnResult] Daemon is dispatching the build result: Success[value=org.gradle.tooling.internal.provider.BuildActionResult@40491e7c]
01:19:32.280 [DEBUG] [org.gradle.launcher.daemon.server.SynchronizedDispatchConnection] thread 14: dispatching class org.gradle.launcher.daemon.protocol.Success
01:19:32.285 [DEBUG] [org.gradle.launcher.daemon.server.DaemonStateCoordinator] daemon is running. Sleeping until state changes.
01:19:32.294 [DEBUG] [org.gradle.launcher.daemon.server.SynchronizedDispatchConnection] thread 21: received class org.gradle.launcher.daemon.protocol.Finished
01:19:32.295 [DEBUG] [org.gradle.launcher.daemon.server.DefaultDaemonConnection] thread 21: Received non-IO message from client: org.gradle.launcher.daemon.protocol.Finished@6dfc12e0
01:19:32.295 [DEBUG] [org.gradle.internal.remote.internal.inet.SocketConnection] Discarding EOFException: java.io.EOFException
01:19:32.296 [DEBUG] [org.gradle.launcher.daemon.server.SynchronizedDispatchConnection] thread 21: received null
01:19:32.296 [DEBUG] [org.gradle.launcher.daemon.server.DefaultDaemonConnection] thread 21: Received end-of-input from client.
01:19:32.298 [DEBUG] [org.gradle.launcher.daemon.server.DefaultIncomingConnectionHandler] Finishing executing command: Build{id=7eab9a5a-cb50-45f6-8c07-baa117374e42.1, currentDir=C:\ide\eclipse}
01:19:32.298 [DEBUG] [org.gradle.launcher.daemon.server.DefaultIncomingConnectionHandler] Received finished message: null
01:19:32.298 [DEBUG] [org.gradle.launcher.daemon.server.SynchronizedDispatchConnection] thread 14: stopping connection
01:19:32.298 [DEBUG] [org.gradle.launcher.daemon.server.SynchronizedDispatchConnection] thread 14: stopping connection
01:20:02.653 [DEBUG] [org.gradle.launcher.daemon.server.Daemon] DaemonExpirationPeriodicCheck running
01:20:02.655 [DEBUG] [org.gradle.launcher.daemon.server.health.DaemonStatus] GC rate: 0.0/s
01:20:02.657 [DEBUG] [org.gradle.cache.internal.DefaultFileLockManager] Waiting to acquire shared lock on daemon addresses registry.
01:20:02.667 [DEBUG] [org.gradle.cache.internal.DefaultFileLockManager] Lock acquired.
01:20:02.832 [DEBUG] [org.gradle.cache.internal.DefaultFileLockManager] Releasing lock on daemon addresses registry.
01:21:02.661 [DEBUG] [org.gradle.launcher.daemon.server.Daemon] DaemonExpirationPeriodicCheck running
01:21:02.661 [DEBUG] [org.gradle.launcher.daemon.server.health.DaemonStatus] GC rate: 0.0/s
01:21:02.661 [DEBUG] [org.gradle.cache.internal.DefaultFileLockManager] Waiting to acquire shared lock on daemon addresses registry.
01:21:02.661 [DEBUG] [org.gradle.cache.internal.DefaultFileLockManager] Lock acquired.
01:21:02.661 [DEBUG] [org.gradle.cache.internal.DefaultFileLockManager] Releasing lock on daemon addresses registry.
